<?xml version="1.0" encoding="UTF-8"?>
<testng-results skipped="0" failed="0" ignored="0" total="1" passed="1">
  <reporter-output>
  </reporter-output>
  <suite name="Suite" duration-ms="15504" started-at="2020-09-01T16:57:06Z" finished-at="2020-09-01T16:57:22Z">
    <groups>
    </groups>
    <test name="Test" duration-ms="15504" started-at="2020-09-01T16:57:06Z" finished-at="2020-09-01T16:57:22Z">
      <class name="com.salesforce.logintest.Login_WithConstructorTest">
        <test-method status="PASS" signature="setUP()[pri:0, instance:com.salesforce.logintest.Login_WithConstructorTest@3745e5c6]" name="setUP" is-config="true" duration-ms="11351" started-at="2020-09-01T16:57:06Z" finished-at="2020-09-01T16:57:17Z">
          <reporter-output>
          </reporter-output>
        </test-method> <!-- setUP -->
        <test-method status="PASS" signature="loginWithValidCredentialTest()[pri:1, instance:com.salesforce.logintest.Login_WithConstructorTest@3745e5c6]" name="loginWithValidCredentialTest" duration-ms="3373" started-at="2020-09-01T16:57:17Z" finished-at="2020-09-01T16:57:21Z">
          <reporter-output>
          </reporter-output>
        </test-method> <!-- loginWithValidCredentialTest -->
        <test-method status="PASS" signature="destroy_setUp()[pri:0, instance:com.salesforce.logintest.Login_WithConstructorTest@3745e5c6]" name="destroy_setUp" is-config="true" duration-ms="735" started-at="2020-09-01T16:57:21Z" finished-at="2020-09-01T16:57:22Z">
          <reporter-output>
          </reporter-output>
        </test-method> <!-- destroy_setUp -->
      </class> <!-- com.salesforce.logintest.Login_WithConstructorTest -->
    </test> <!-- Test -->
  </suite> <!-- Suite -->
</testng-results>
